[0m00:45:43.145765 [debug] [MainThread]: Sending event: {'category': 'dbt', 'action': 'invocation', 'label': 'start', 'context': [<snowplow_tracker.self_describing_json.SelfDescribingJson object at 0x00000209DCEB0090>, <snowplow_tracker.self_describing_json.SelfDescribingJson object at 0x00000209DCE40650>, <snowplow_tracker.self_describing_json.SelfDescribingJson object at 0x00000209DCE50950>]}


============================== 00:45:43.153764 | 3c247b5a-1eda-45fb-95bd-70d400f831c1 ==============================
[0m00:45:43.153764 [info ] [MainThread]: Running with dbt=1.5.2
[0m00:45:43.156766 [debug] [MainThread]: running dbt with arguments {'printer_width': '80', 'indirect_selection': 'eager', 'log_cache_events': 'False', 'write_json': 'True', 'partial_parse': 'True', 'cache_selected_only': 'False', 'warn_error': 'None', 'fail_fast': 'False', 'version_check': 'True', 'log_path': 'logs', 'debug': 'False', 'profiles_dir': 'C:\\Users\\USER\\.dbt', 'use_colors': 'True', 'use_experimental_parser': 'False', 'no_print': 'None', 'quiet': 'False', 'log_format': 'default', 'static_parser': 'True', 'warn_error_options': 'WarnErrorOptions(include=[], exclude=[])', 'introspect': 'True', 'target_path': 'None', 'send_anonymous_usage_stats': 'True'}
[0m00:45:43.157764 [warn ] [MainThread]: [ConfigFolderDirectory]: Unable to parse dict {'dir': WindowsPath('C:/Users/USER/.dbt')}
[0m00:45:43.158766 [info ] [MainThread]: Creating dbt configuration folder at 
[0m00:45:43.163765 [debug] [MainThread]: Starter project path: C:\Python311\Lib\site-packages\dbt\include\starter_project
[0m00:46:06.445359 [info ] [MainThread]: Profile dbt_demo written to C:\Users\USER\.dbt\profiles.yml using target's sample configuration. Once updated, you'll be able to start developing with dbt.
[0m00:46:06.446362 [info ] [MainThread]: 
Your new dbt project "dbt_demo" was created!

For more information on how to configure the profiles.yml file,
please consult the dbt documentation here:

  https://docs.getdbt.com/docs/configure-your-profile

One more thing:

Need help? Don't hesitate to reach out to us via GitHub issues or on Slack:

  https://community.getdbt.com/

Happy modeling!

[0m00:46:06.448359 [debug] [MainThread]: Command `dbt init` succeeded at 00:46:06.448359 after 23.35 seconds
[0m00:46:06.449365 [debug] [MainThread]: Sending event: {'category': 'dbt', 'action': 'invocation', 'label': 'end', 'context': [<snowplow_tracker.self_describing_json.SelfDescribingJson object at 0x00000209D695F950>, <snowplow_tracker.self_describing_json.SelfDescribingJson object at 0x00000209D6996B50>, <snowplow_tracker.self_describing_json.SelfDescribingJson object at 0x00000209D6996BD0>]}
[0m00:46:06.450367 [debug] [MainThread]: Flushing usage events
